<?xml version="1.0" encoding="UTF-8"?>
<testng-results skipped="0" failed="0" total="1" passed="1">
  <reporter-output>
  </reporter-output>
  <suite name="Default suite" duration-ms="13625" started-at="2017-03-16T07:25:12Z" finished-at="2017-03-16T07:25:26Z">
    <groups>
    </groups>
    <test name="Default test" duration-ms="13625" started-at="2017-03-16T07:25:12Z" finished-at="2017-03-16T07:25:26Z">
      <class name="trackorders">
        <test-method status="PASS" signature="test()[pri:0, instance:trackorders@36d4b5c]" name="test" duration-ms="13610" started-at="2017-03-16T12:55:12Z" finished-at="2017-03-16T12:55:26Z">
          <reporter-output>
          </reporter-output>
        </test-method> <!-- test -->
      </class> <!-- trackorders -->
    </test> <!-- Default test -->
  </suite> <!-- Default suite -->
</testng-results>
